<?xml version="1.0" encoding="UTF-8"?>
<!-- Generated by org.testng.reporters.JUnitReportReporter -->
<testsuite hostname="NITIN" failures="0" tests="1" name="testCases.addToCartAndVerify" time="18.497" errors="0" timestamp="2023-06-22T19:43:00 IST" skipped="0">
  <testcase classname="testCases.addToCartAndVerify" name="addToCart" time="18.497"/>
  <system-out/>
</testsuite> <!-- testCases.addToCartAndVerify -->
