<?xml version="1.0" encoding="UTF-8"?>
<!-- Generated by org.testng.reporters.JUnitReportReporter -->
<testsuite hostname="NITIN" failures="0" tests="1" name="testCases.addToCartAndVerify" time="43.200" errors="0" timestamp="2023-06-23T15:46:31 IST" skipped="0">
  <testcase classname="testCases.addToCartAndVerify" name="addToCart" time="43.200"/>
  <system-out/>
</testsuite> <!-- testCases.addToCartAndVerify -->
