<?xml version="1.0" encoding="UTF-8"?>
<!-- Generated by org.testng.reporters.JUnitReportReporter -->
<testsuite hostname="NITIN" failures="0" tests="1" name="testCases.addToCartAndVerify" time="15.974" errors="0" timestamp="2023-06-22T18:25:51 IST" skipped="0">
  <testcase classname="testCases.addToCartAndVerify" name="addToCart" time="15.974"/>
  <system-out/>
</testsuite> <!-- testCases.addToCartAndVerify -->
